<?xml version="1.0" encoding="UTF-8"?>
<coverage generated="1645815915851" clover="3.2.0">
  <project timestamp="1645815915851" name="All files">
    <metrics statements="68" coveredstatements="68" conditionals="71" coveredconditionals="64" methods="13" coveredmethods="13" elements="152" coveredelements="145" complexity="0" loc="68" ncloc="68" packages="3" files="3" classes="3"/>
    <package name="lib">
      <metrics statements="2" coveredstatements="2" conditionals="0" coveredconditionals="0" methods="0" coveredmethods="0"/>
      <file name="index.js" path="C:\Users\pepe\Source\Repos\eslint-plugin-lodash-upgrade\lib\index.js">
        <metrics statements="2" coveredstatements="2" conditionals="0" coveredconditionals="0" methods="0" coveredmethods="0"/>
        <line num="7" count="2" type="stmt"/>
        <line num="12" count="2" type="stmt"/>
      </file>
    </package>
    <package name="lib.rules">
      <metrics statements="64" coveredstatements="64" conditionals="71" coveredconditionals="64" methods="13" coveredmethods="13"/>
      <file name="no-full-lodash-imports.js" path="C:\Users\pepe\Source\Repos\eslint-plugin-lodash-upgrade\lib\rules\no-full-lodash-imports.js">
        <metrics statements="64" coveredstatements="64" conditionals="71" coveredconditionals="64" methods="13" coveredmethods="13"/>
        <line num="1" count="2" type="stmt"/>
        <line num="6" count="22" type="stmt"/>
        <line num="7" count="22" type="stmt"/>
        <line num="8" count="22" type="stmt"/>
        <line num="9" count="22" type="stmt"/>
        <line num="10" count="22" type="stmt"/>
        <line num="12" count="55" type="cond" truecount="3" falsecount="1"/>
        <line num="13" count="75" type="stmt"/>
        <line num="14" count="55" type="stmt"/>
        <line num="15" count="55" type="cond" truecount="4" falsecount="0"/>
        <line num="18" count="52" type="stmt"/>
        <line num="21" count="3" type="stmt"/>
        <line num="26" count="3" type="stmt"/>
        <line num="29" count="3" type="stmt"/>
        <line num="34" count="223" type="stmt"/>
        <line num="37" count="46" type="cond" truecount="6" falsecount="0"/>
        <line num="38" count="2" type="stmt"/>
        <line num="39" count="2" type="stmt"/>
        <line num="44" count="2" type="stmt"/>
        <line num="48" count="2" type="stmt"/>
        <line num="54" count="44" type="cond" truecount="7" falsecount="0"/>
        <line num="55" count="7" type="stmt"/>
        <line num="56" count="7" type="stmt"/>
        <line num="62" count="7" type="stmt"/>
        <line num="63" count="7" type="cond" truecount="2" falsecount="0"/>
        <line num="64" count="2" type="stmt"/>
        <line num="66" count="7" type="stmt"/>
        <line num="83" count="7" type="stmt"/>
        <line num="84" count="7" type="cond" truecount="3" falsecount="1"/>
        <line num="85" count="7" type="stmt"/>
        <line num="86" count="7" type="stmt"/>
        <line num="88" count="7" type="stmt"/>
        <line num="90" count="7" type="cond" truecount="4" falsecount="1"/>
        <line num="91" count="7" type="stmt"/>
        <line num="92" count="7" type="stmt"/>
        <line num="93" count="7" type="cond" truecount="4" falsecount="0"/>
        <line num="94" count="3" type="stmt"/>
        <line num="96" count="7" type="stmt"/>
        <line num="99" count="7" type="stmt"/>
        <line num="100" count="7" type="cond" truecount="1" falsecount="1"/>
        <line num="102" count="7" type="stmt"/>
        <line num="105" count="7" type="cond" truecount="7" falsecount="0"/>
        <line num="106" count="1" type="stmt"/>
        <line num="108" count="1" type="stmt"/>
        <line num="111" count="7" type="cond" truecount="7" falsecount="0"/>
        <line num="112" count="2" type="cond" truecount="3" falsecount="1"/>
        <line num="114" count="2" type="stmt"/>
        <line num="116" count="2" type="stmt"/>
        <line num="118" count="2" type="stmt"/>
        <line num="120" count="2" type="cond" truecount="8" falsecount="1"/>
        <line num="122" count="2" type="stmt"/>
        <line num="124" count="2" type="stmt"/>
        <line num="127" count="2" type="stmt"/>
        <line num="131" count="5" type="stmt"/>
        <line num="136" count="9" type="stmt"/>
        <line num="137" count="9" type="cond" truecount="1" falsecount="1"/>
        <line num="139" count="9" type="stmt"/>
        <line num="140" count="9" type="stmt"/>
        <line num="141" count="9" type="stmt"/>
        <line num="142" count="36" type="cond" truecount="2" falsecount="0"/>
        <line num="143" count="11" type="cond" truecount="2" falsecount="0"/>
        <line num="144" count="10" type="stmt"/>
        <line num="148" count="9" type="stmt"/>
        <line num="151" count="9" type="stmt"/>
      </file>
    </package>
    <package name="tests.utils">
      <metrics statements="2" coveredstatements="2" conditionals="0" coveredconditionals="0" methods="0" coveredmethods="0"/>
      <file name="eslint-options.js" path="C:\Users\pepe\Source\Repos\eslint-plugin-lodash-upgrade\tests\utils\eslint-options.js">
        <metrics statements="2" coveredstatements="2" conditionals="0" coveredconditionals="0" methods="0" coveredmethods="0"/>
        <line num="1" count="2" type="stmt"/>
        <line num="11" count="2" type="stmt"/>
      </file>
    </package>
  </project>
</coverage>
