{"C:\\Users\\pepe\\Source\\Repos\\eslint-plugin-lodash-upgrade\\lib\\index.js": {"path":"C:\\Users\\pepe\\Source\\Repos\\eslint-plugin-lodash-upgrade\\lib\\index.js","statementMap":{"0":{"start":{"line":7,"column":28},"end":{"line":7,"column":69}},"1":{"start":{"line":12,"column":0},"end":{"line":16,"column":2}}},"fnMap":{},"branchMap":{},"s":{"0":2,"1":2},"f":{},"b":{},"_coverageSchema":"1a1c01bbd47fc00a2c39e90264f33305004495a9","hash":"9f62770e1fbfa9bfb02ef2cae30ba2a1f4ac9b19"}
,"C:\\Users\\pepe\\Source\\Repos\\eslint-plugin-lodash-upgrade\\lib\\rules\\no-full-lodash-imports.js": {"path":"C:\\Users\\pepe\\Source\\Repos\\eslint-plugin-lodash-upgrade\\lib\\rules\\no-full-lodash-imports.js","statementMap":{"0":{"start":{"line":1,"column":0},"end":{"line":79,"column":1}},"1":{"start":{"line":6,"column":23},"end":{"line":6,"column":46}},"2":{"start":{"line":7,"column":23},"end":{"line":7,"column":25}},"3":{"start":{"line":8,"column":32},"end":{"line":8,"column":41}},"4":{"start":{"line":9,"column":27},"end":{"line":9,"column":120}},"5":{"start":{"line":10,"column":4},"end":{"line":77,"column":6}},"6":{"start":{"line":12,"column":8},"end":{"line":20,"column":9}},"7":{"start":{"line":13,"column":44},"end":{"line":13,"column":108}},"8":{"start":{"line":13,"column":70},"end":{"line":13,"column":107}},"9":{"start":{"line":14,"column":25},"end":{"line":14,"column":55}},"10":{"start":{"line":15,"column":10},"end":{"line":19,"column":11}},"11":{"start":{"line":18,"column":12},"end":{"line":18,"column":25}},"12":{"start":{"line":21,"column":8},"end":{"line":31,"column":11}},"13":{"start":{"line":26,"column":27},"end":{"line":28,"column":13}},"14":{"start":{"line":29,"column":12},"end":{"line":29,"column":25}},"15":{"start":{"line":34,"column":36},"end":{"line":34,"column":99}},"16":{"start":{"line":34,"column":68},"end":{"line":34,"column":98}},"17":{"start":{"line":37,"column":8},"end":{"line":75,"column":9}},"18":{"start":{"line":38,"column":10},"end":{"line":38,"column":61}},"19":{"start":{"line":39,"column":10},"end":{"line":53,"column":13}},"20":{"start":{"line":44,"column":14},"end":{"line":47,"column":15}},"21":{"start":{"line":48,"column":14},"end":{"line":51,"column":15}},"22":{"start":{"line":54,"column":15},"end":{"line":75,"column":9}},"23":{"start":{"line":55,"column":10},"end":{"line":55,"column":61}},"24":{"start":{"line":56,"column":10},"end":{"line":74,"column":13}},"25":{"start":{"line":62,"column":56},"end":{"line":62,"column":172}},"26":{"start":{"line":63,"column":14},"end":{"line":65,"column":15}},"27":{"start":{"line":64,"column":16},"end":{"line":64,"column":66}},"28":{"start":{"line":66,"column":14},"end":{"line":72,"column":16}},"29":{"start":{"line":83,"column":29},"end":{"line":83,"column":31}},"30":{"start":{"line":84,"column":2},"end":{"line":130,"column":3}},"31":{"start":{"line":85,"column":4},"end":{"line":87,"column":7}},"32":{"start":{"line":86,"column":6},"end":{"line":86,"column":55}},"33":{"start":{"line":88,"column":24},"end":{"line":88,"column":53}},"34":{"start":{"line":90,"column":4},"end":{"line":97,"column":5}},"35":{"start":{"line":91,"column":34},"end":{"line":91,"column":62}},"36":{"start":{"line":92,"column":6},"end":{"line":92,"column":25}},"37":{"start":{"line":93,"column":6},"end":{"line":95,"column":7}},"38":{"start":{"line":94,"column":8},"end":{"line":94,"column":29}},"39":{"start":{"line":96,"column":6},"end":{"line":96,"column":106}},"40":{"start":{"line":99,"column":37},"end":{"line":99,"column":49}},"41":{"start":{"line":100,"column":4},"end":{"line":103,"column":5}},"42":{"start":{"line":102,"column":6},"end":{"line":102,"column":87}},"43":{"start":{"line":105,"column":4},"end":{"line":109,"column":5}},"44":{"start":{"line":106,"column":27},"end":{"line":106,"column":53}},"45":{"start":{"line":108,"column":6},"end":{"line":108,"column":79}},"46":{"start":{"line":111,"column":4},"end":{"line":128,"column":5}},"47":{"start":{"line":112,"column":6},"end":{"line":126,"column":7}},"48":{"start":{"line":114,"column":29},"end":{"line":114,"column":55}},"49":{"start":{"line":116,"column":8},"end":{"line":116,"column":81}},"50":{"start":{"line":118,"column":8},"end":{"line":118,"column":120}},"51":{"start":{"line":120,"column":8},"end":{"line":125,"column":9}},"52":{"start":{"line":122,"column":31},"end":{"line":122,"column":71}},"53":{"start":{"line":124,"column":10},"end":{"line":124,"column":83}},"54":{"start":{"line":127,"column":6},"end":{"line":127,"column":59}},"55":{"start":{"line":131,"column":2},"end":{"line":131,"column":33}},"56":{"start":{"line":136,"column":21},"end":{"line":136,"column":23}},"57":{"start":{"line":137,"column":2},"end":{"line":137,"column":34}},"58":{"start":{"line":137,"column":27},"end":{"line":137,"column":34}},"59":{"start":{"line":139,"column":56},"end":{"line":139,"column":111}},"60":{"start":{"line":140,"column":16},"end":{"line":140,"column":18}},"61":{"start":{"line":141,"column":2},"end":{"line":146,"column":3}},"62":{"start":{"line":142,"column":28},"end":{"line":142,"column":152}},"63":{"start":{"line":142,"column":57},"end":{"line":142,"column":151}},"64":{"start":{"line":142,"column":123},"end":{"line":142,"column":150}},"65":{"start":{"line":143,"column":4},"end":{"line":145,"column":5}},"66":{"start":{"line":144,"column":6},"end":{"line":144,"column":77}},"67":{"start":{"line":148,"column":2},"end":{"line":150,"column":4}},"68":{"start":{"line":151,"column":2},"end":{"line":151,"column":20}}},"fnMap":{"0":{"name":"(anonymous_0)","decl":{"start":{"line":5,"column":10},"end":{"line":5,"column":11}},"loc":{"start":{"line":5,"column":29},"end":{"line":78,"column":3}},"line":5},"1":{"name":"(anonymous_1)","decl":{"start":{"line":11,"column":6},"end":{"line":11,"column":7}},"loc":{"start":{"line":11,"column":30},"end":{"line":32,"column":7}},"line":11},"2":{"name":"(anonymous_2)","decl":{"start":{"line":13,"column":65},"end":{"line":13,"column":66}},"loc":{"start":{"line":13,"column":70},"end":{"line":13,"column":107}},"line":13},"3":{"name":"(anonymous_3)","decl":{"start":{"line":25,"column":10},"end":{"line":25,"column":11}},"loc":{"start":{"line":25,"column":21},"end":{"line":30,"column":11}},"line":25},"4":{"name":"(anonymous_4)","decl":{"start":{"line":33,"column":6},"end":{"line":33,"column":7}},"loc":{"start":{"line":33,"column":27},"end":{"line":76,"column":7}},"line":33},"5":{"name":"(anonymous_5)","decl":{"start":{"line":34,"column":63},"end":{"line":34,"column":64}},"loc":{"start":{"line":34,"column":68},"end":{"line":34,"column":98}},"line":34},"6":{"name":"(anonymous_6)","decl":{"start":{"line":43,"column":12},"end":{"line":43,"column":13}},"loc":{"start":{"line":43,"column":23},"end":{"line":52,"column":13}},"line":43},"7":{"name":"(anonymous_7)","decl":{"start":{"line":60,"column":12},"end":{"line":60,"column":13}},"loc":{"start":{"line":60,"column":23},"end":{"line":73,"column":13}},"line":60},"8":{"name":"parseLodashFunctionExpression","decl":{"start":{"line":82,"column":9},"end":{"line":82,"column":38}},"loc":{"start":{"line":82,"column":105},"end":{"line":132,"column":1}},"line":82},"9":{"name":"(anonymous_9)","decl":{"start":{"line":85,"column":25},"end":{"line":85,"column":26}},"loc":{"start":{"line":85,"column":32},"end":{"line":87,"column":5}},"line":85},"10":{"name":"getImports","decl":{"start":{"line":135,"column":9},"end":{"line":135,"column":19}},"loc":{"start":{"line":135,"column":68},"end":{"line":152,"column":1}},"line":135},"11":{"name":"(anonymous_11)","decl":{"start":{"line":142,"column":52},"end":{"line":142,"column":53}},"loc":{"start":{"line":142,"column":57},"end":{"line":142,"column":151}},"line":142},"12":{"name":"(anonymous_12)","decl":{"start":{"line":142,"column":118},"end":{"line":142,"column":119}},"loc":{"start":{"line":142,"column":123},"end":{"line":142,"column":150}},"line":142}},"branchMap":{"0":{"loc":{"start":{"line":12,"column":8},"end":{"line":20,"column":9}},"type":"if","locations":[{"start":{"line":12,"column":8},"end":{"line":20,"column":9}},{"start":{},"end":{}}],"line":12},"1":{"loc":{"start":{"line":12,"column":12},"end":{"line":12,"column":35}},"type":"binary-expr","locations":[{"start":{"line":12,"column":12},"end":{"line":12,"column":16}},{"start":{"line":12,"column":20},"end":{"line":12,"column":35}}],"line":12},"2":{"loc":{"start":{"line":15,"column":10},"end":{"line":19,"column":11}},"type":"if","locations":[{"start":{"line":15,"column":10},"end":{"line":19,"column":11}},{"start":{"line":17,"column":17},"end":{"line":19,"column":11}}],"line":15},"3":{"loc":{"start":{"line":15,"column":14},"end":{"line":15,"column":49}},"type":"binary-expr","locations":[{"start":{"line":15,"column":14},"end":{"line":15,"column":39}},{"start":{"line":15,"column":43},"end":{"line":15,"column":49}}],"line":15},"4":{"loc":{"start":{"line":37,"column":8},"end":{"line":75,"column":9}},"type":"if","locations":[{"start":{"line":37,"column":8},"end":{"line":75,"column":9}},{"start":{"line":54,"column":15},"end":{"line":75,"column":9}}],"line":37},"5":{"loc":{"start":{"line":37,"column":12},"end":{"line":37,"column":88}},"type":"binary-expr","locations":[{"start":{"line":37,"column":12},"end":{"line":37,"column":16}},{"start":{"line":37,"column":20},"end":{"line":37,"column":31}},{"start":{"line":37,"column":35},"end":{"line":37,"column":53}},{"start":{"line":37,"column":57},"end":{"line":37,"column":88}}],"line":37},"6":{"loc":{"start":{"line":54,"column":15},"end":{"line":75,"column":9}},"type":"if","locations":[{"start":{"line":54,"column":15},"end":{"line":75,"column":9}},{"start":{},"end":{}}],"line":54},"7":{"loc":{"start":{"line":54,"column":19},"end":{"line":54,"column":131}},"type":"binary-expr","locations":[{"start":{"line":54,"column":19},"end":{"line":54,"column":23}},{"start":{"line":54,"column":27},"end":{"line":54,"column":38}},{"start":{"line":54,"column":42},"end":{"line":54,"column":60}},{"start":{"line":54,"column":64},"end":{"line":54,"column":89}},{"start":{"line":54,"column":93},"end":{"line":54,"column":131}}],"line":54},"8":{"loc":{"start":{"line":63,"column":14},"end":{"line":65,"column":15}},"type":"if","locations":[{"start":{"line":63,"column":14},"end":{"line":65,"column":15}},{"start":{},"end":{}}],"line":63},"9":{"loc":{"start":{"line":84,"column":2},"end":{"line":130,"column":3}},"type":"if","locations":[{"start":{"line":84,"column":2},"end":{"line":130,"column":3}},{"start":{},"end":{}}],"line":84},"10":{"loc":{"start":{"line":84,"column":6},"end":{"line":84,"column":60}},"type":"binary-expr","locations":[{"start":{"line":84,"column":6},"end":{"line":84,"column":33}},{"start":{"line":84,"column":37},"end":{"line":84,"column":60}}],"line":84},"11":{"loc":{"start":{"line":90,"column":4},"end":{"line":97,"column":5}},"type":"if","locations":[{"start":{"line":90,"column":4},"end":{"line":97,"column":5}},{"start":{},"end":{}}],"line":90},"12":{"loc":{"start":{"line":90,"column":8},"end":{"line":90,"column":57}},"type":"binary-expr","locations":[{"start":{"line":90,"column":8},"end":{"line":90,"column":14}},{"start":{"line":90,"column":18},"end":{"line":90,"column":31}},{"start":{"line":90,"column":35},"end":{"line":90,"column":57}}],"line":90},"13":{"loc":{"start":{"line":93,"column":6},"end":{"line":95,"column":7}},"type":"if","locations":[{"start":{"line":93,"column":6},"end":{"line":95,"column":7}},{"start":{},"end":{}}],"line":93},"14":{"loc":{"start":{"line":93,"column":10},"end":{"line":93,"column":100}},"type":"binary-expr","locations":[{"start":{"line":93,"column":10},"end":{"line":93,"column":55}},{"start":{"line":93,"column":59},"end":{"line":93,"column":100}}],"line":93},"15":{"loc":{"start":{"line":100,"column":4},"end":{"line":103,"column":5}},"type":"if","locations":[{"start":{"line":100,"column":4},"end":{"line":103,"column":5}},{"start":{},"end":{}}],"line":100},"16":{"loc":{"start":{"line":105,"column":4},"end":{"line":109,"column":5}},"type":"if","locations":[{"start":{"line":105,"column":4},"end":{"line":109,"column":5}},{"start":{},"end":{}}],"line":105},"17":{"loc":{"start":{"line":105,"column":8},"end":{"line":105,"column":121}},"type":"binary-expr","locations":[{"start":{"line":105,"column":8},"end":{"line":105,"column":12}},{"start":{"line":105,"column":16},"end":{"line":105,"column":27}},{"start":{"line":105,"column":31},"end":{"line":105,"column":51}},{"start":{"line":105,"column":55},"end":{"line":105,"column":80}},{"start":{"line":105,"column":84},"end":{"line":105,"column":121}}],"line":105},"18":{"loc":{"start":{"line":111,"column":4},"end":{"line":128,"column":5}},"type":"if","locations":[{"start":{"line":111,"column":4},"end":{"line":128,"column":5}},{"start":{},"end":{}}],"line":111},"19":{"loc":{"start":{"line":111,"column":8},"end":{"line":111,"column":121}},"type":"binary-expr","locations":[{"start":{"line":111,"column":8},"end":{"line":111,"column":12}},{"start":{"line":111,"column":16},"end":{"line":111,"column":27}},{"start":{"line":111,"column":31},"end":{"line":111,"column":51}},{"start":{"line":111,"column":55},"end":{"line":111,"column":80}},{"start":{"line":111,"column":84},"end":{"line":111,"column":121}}],"line":111},"20":{"loc":{"start":{"line":112,"column":6},"end":{"line":126,"column":7}},"type":"if","locations":[{"start":{"line":112,"column":6},"end":{"line":126,"column":7}},{"start":{},"end":{}}],"line":112},"21":{"loc":{"start":{"line":112,"column":10},"end":{"line":112,"column":98}},"type":"binary-expr","locations":[{"start":{"line":112,"column":10},"end":{"line":112,"column":53}},{"start":{"line":112,"column":57},"end":{"line":112,"column":98}}],"line":112},"22":{"loc":{"start":{"line":120,"column":8},"end":{"line":125,"column":9}},"type":"if","locations":[{"start":{"line":120,"column":8},"end":{"line":125,"column":9}},{"start":{},"end":{}}],"line":120},"23":{"loc":{"start":{"line":120,"column":12},"end":{"line":121,"column":104}},"type":"binary-expr","locations":[{"start":{"line":120,"column":12},"end":{"line":120,"column":16}},{"start":{"line":120,"column":20},"end":{"line":120,"column":31}},{"start":{"line":120,"column":35},"end":{"line":120,"column":53}},{"start":{"line":120,"column":57},"end":{"line":120,"column":82}},{"start":{"line":120,"column":86},"end":{"line":120,"column":120}},{"start":{"line":121,"column":10},"end":{"line":121,"column":49}},{"start":{"line":121,"column":53},"end":{"line":121,"column":104}}],"line":120},"24":{"loc":{"start":{"line":137,"column":2},"end":{"line":137,"column":34}},"type":"if","locations":[{"start":{"line":137,"column":2},"end":{"line":137,"column":34}},{"start":{},"end":{}}],"line":137},"25":{"loc":{"start":{"line":142,"column":57},"end":{"line":142,"column":151}},"type":"binary-expr","locations":[{"start":{"line":142,"column":57},"end":{"line":142,"column":96}},{"start":{"line":142,"column":100},"end":{"line":142,"column":151}}],"line":142},"26":{"loc":{"start":{"line":143,"column":4},"end":{"line":145,"column":5}},"type":"if","locations":[{"start":{"line":143,"column":4},"end":{"line":145,"column":5}},{"start":{},"end":{}}],"line":143}},"s":{"0":2,"1":22,"2":22,"3":22,"4":22,"5":22,"6":55,"7":55,"8":75,"9":55,"10":55,"11":52,"12":3,"13":3,"14":3,"15":46,"16":223,"17":46,"18":2,"19":2,"20":2,"21":2,"22":44,"23":7,"24":7,"25":7,"26":7,"27":2,"28":7,"29":7,"30":7,"31":7,"32":7,"33":7,"34":7,"35":7,"36":7,"37":7,"38":3,"39":7,"40":7,"41":7,"42":7,"43":7,"44":1,"45":1,"46":7,"47":2,"48":2,"49":2,"50":2,"51":2,"52":2,"53":2,"54":2,"55":5,"56":9,"57":9,"58":0,"59":9,"60":9,"61":9,"62":11,"63":26,"64":36,"65":11,"66":10,"67":9,"68":9},"f":{"0":22,"1":55,"2":75,"3":3,"4":46,"5":223,"6":2,"7":7,"8":7,"9":7,"10":9,"11":26,"12":36},"b":{"0":[55,0],"1":[55,55],"2":[3,52],"3":[55,3],"4":[2,44],"5":[46,46,46,26],"6":[7,37],"7":[44,44,44,24,12],"8":[2,5],"9":[7,0],"10":[7,7],"11":[7,0],"12":[7,7,7],"13":[3,4],"14":[7,7],"15":[7,0],"16":[1,6],"17":[7,7,7,3,3],"18":[2,5],"19":[7,7,7,3,3],"20":[2,0],"21":[2,2],"22":[2,0],"23":[2,2,2,2,2,2,2],"24":[0,9],"25":[26,25],"26":[10,1]},"_coverageSchema":"1a1c01bbd47fc00a2c39e90264f33305004495a9","hash":"d253ba5211a3ad7c963414f282491a7cbad9a50f"}
,"C:\\Users\\pepe\\Source\\Repos\\eslint-plugin-lodash-upgrade\\tests\\utils\\eslint-options.js": {"path":"C:\\Users\\pepe\\Source\\Repos\\eslint-plugin-lodash-upgrade\\tests\\utils\\eslint-options.js","statementMap":{"0":{"start":{"line":1,"column":22},"end":{"line":10,"column":1}},"1":{"start":{"line":11,"column":0},"end":{"line":11,"column":33}}},"fnMap":{},"branchMap":{},"s":{"0":2,"1":2},"f":{},"b":{},"_coverageSchema":"1a1c01bbd47fc00a2c39e90264f33305004495a9","hash":"c0362f4282170543e86673703fd668f22b87e728"}
}
