TN:
SF:lib\index.js
FNF:0
FNH:0
DA:7,2
DA:12,2
LF:2
LH:2
BRF:0
BRH:0
end_of_record
TN:
SF:lib\rules\no-full-lodash-imports.js
FN:5,(anonymous_0)
FN:11,(anonymous_1)
FN:13,(anonymous_2)
FN:25,(anonymous_3)
FN:33,(anonymous_4)
FN:34,(anonymous_5)
FN:43,(anonymous_6)
FN:60,(anonymous_7)
FN:82,parseLodashFunctionExpression
FN:85,(anonymous_9)
FN:135,getImports
FN:142,(anonymous_11)
FN:142,(anonymous_12)
FNF:13
FNH:13
FNDA:22,(anonymous_0)
FNDA:55,(anonymous_1)
FNDA:75,(anonymous_2)
FNDA:3,(anonymous_3)
FNDA:46,(anonymous_4)
FNDA:223,(anonymous_5)
FNDA:2,(anonymous_6)
FNDA:7,(anonymous_7)
FNDA:7,parseLodashFunctionExpression
FNDA:7,(anonymous_9)
FNDA:9,getImports
FNDA:26,(anonymous_11)
FNDA:36,(anonymous_12)
DA:1,2
DA:6,22
DA:7,22
DA:8,22
DA:9,22
DA:10,22
DA:12,55
DA:13,75
DA:14,55
DA:15,55
DA:18,52
DA:21,3
DA:26,3
DA:29,3
DA:34,223
DA:37,46
DA:38,2
DA:39,2
DA:44,2
DA:48,2
DA:54,44
DA:55,7
DA:56,7
DA:62,7
DA:63,7
DA:64,2
DA:66,7
DA:83,7
DA:84,7
DA:85,7
DA:86,7
DA:88,7
DA:90,7
DA:91,7
DA:92,7
DA:93,7
DA:94,3
DA:96,7
DA:99,7
DA:100,7
DA:102,7
DA:105,7
DA:106,1
DA:108,1
DA:111,7
DA:112,2
DA:114,2
DA:116,2
DA:118,2
DA:120,2
DA:122,2
DA:124,2
DA:127,2
DA:131,5
DA:136,9
DA:137,9
DA:139,9
DA:140,9
DA:141,9
DA:142,36
DA:143,11
DA:144,10
DA:148,9
DA:151,9
LF:64
LH:64
BRDA:12,0,0,55
BRDA:12,0,1,0
BRDA:12,1,0,55
BRDA:12,1,1,55
BRDA:15,2,0,3
BRDA:15,2,1,52
BRDA:15,3,0,55
BRDA:15,3,1,3
BRDA:37,4,0,2
BRDA:37,4,1,44
BRDA:37,5,0,46
BRDA:37,5,1,46
BRDA:37,5,2,46
BRDA:37,5,3,26
BRDA:54,6,0,7
BRDA:54,6,1,37
BRDA:54,7,0,44
BRDA:54,7,1,44
BRDA:54,7,2,44
BRDA:54,7,3,24
BRDA:54,7,4,12
BRDA:63,8,0,2
BRDA:63,8,1,5
BRDA:84,9,0,7
BRDA:84,9,1,0
BRDA:84,10,0,7
BRDA:84,10,1,7
BRDA:90,11,0,7
BRDA:90,11,1,0
BRDA:90,12,0,7
BRDA:90,12,1,7
BRDA:90,12,2,7
BRDA:93,13,0,3
BRDA:93,13,1,4
BRDA:93,14,0,7
BRDA:93,14,1,7
BRDA:100,15,0,7
BRDA:100,15,1,0
BRDA:105,16,0,1
BRDA:105,16,1,6
BRDA:105,17,0,7
BRDA:105,17,1,7
BRDA:105,17,2,7
BRDA:105,17,3,3
BRDA:105,17,4,3
BRDA:111,18,0,2
BRDA:111,18,1,5
BRDA:111,19,0,7
BRDA:111,19,1,7
BRDA:111,19,2,7
BRDA:111,19,3,3
BRDA:111,19,4,3
BRDA:112,20,0,2
BRDA:112,20,1,0
BRDA:112,21,0,2
BRDA:112,21,1,2
BRDA:120,22,0,2
BRDA:120,22,1,0
BRDA:120,23,0,2
BRDA:120,23,1,2
BRDA:120,23,2,2
BRDA:120,23,3,2
BRDA:120,23,4,2
BRDA:120,23,5,2
BRDA:120,23,6,2
BRDA:137,24,0,0
BRDA:137,24,1,9
BRDA:142,25,0,26
BRDA:142,25,1,25
BRDA:143,26,0,10
BRDA:143,26,1,1
BRF:71
BRH:64
end_of_record
TN:
SF:tests\utils\eslint-options.js
FNF:0
FNH:0
DA:1,2
DA:11,2
LF:2
LH:2
BRF:0
BRH:0
end_of_record
